PracticeAndroid/AndroidPractice2/NewSECOND/android-workmanager-java/android-workmanager-java/app/build/intermediates/manifest_merge_blame_file/debug/manifest-merger-blame-debug-report.txt
1<?xml version="1.0" encoding="utf-8"?>
2<!--
3  ~ Copyright (C) 2018 The Android Open Source Project
4  ~
5  ~ Licensed under the Apache License, Version 2.0 (the "License");
6  ~ you may not use this file except in compliance with the License.
7  ~ You may obtain a copy of the License at
8  ~
9  ~      http://www.apache.org/licenses/LICENSE-2.0
10  ~
11  ~ Unless required by applicable law or agreed to in writing, software
12  ~ distributed under the License is distributed on an "AS IS" BASIS,
13  ~ WITHOUT WARRANTIES OR CONDITIONS OF ANY KIND, either express or implied.
14  ~ See the License for the specific language governing permissions and
15  ~ limitations under the License.
16-->
17<manifest xmlns:android="http://schemas.android.com/apk/res/android"
18    package="com.example.background"
19    android:versionCode="1"
20    android:versionName="1.0" >
21
22    <uses-sdk
23        android:minSdkVersion="16"
23-->src\main\AndroidManifest.xml
24        android:targetSdkVersion="29" />
24-->src\main\AndroidManifest.xml
25
26    <uses-permission android:name="android.permission.INTERNET" />
26-->src\main\AndroidManifest.xml:21:5-67
26-->src\main\AndroidManifest.xml:21:22-64
27    <uses-permission android:name="android.permission.READ_EXTERNAL_STORAGE" />
27-->src\main\AndroidManifest.xml:22:5-80
27-->src\main\AndroidManifest.xml:22:22-77
28    <uses-permission android:name="android.permission.WRITE_EXTERNAL_STORAGE" />
28-->src\main\AndroidManifest.xml:23:5-81
28-->src\main\AndroidManifest.xml:23:22-78
29    <uses-permission android:name="android.permission.WAKE_LOCK" />
29-->[androidx.work:work-runtime:2.5.0] AndroidManifest.xml:25:5-68
29-->[androidx.work:work-runtime:2.5.0] AndroidManifest.xml:25:22-65
30    <uses-permission android:name="android.permission.ACCESS_NETWORK_STATE" />
30-->[androidx.work:work-runtime:2.5.0] AndroidManifest.xml:26:5-79
30-->[androidx.work:work-runtime:2.5.0] AndroidManifest.xml:26:22-76
31    <uses-permission android:name="android.permission.RECEIVE_BOOT_COMPLETED" />
31-->[androidx.work:work-runtime:2.5.0] AndroidManifest.xml:27:5-81
31-->[androidx.work:work-runtime:2.5.0] AndroidManifest.xml:27:22-78
32    <uses-permission android:name="android.permission.FOREGROUND_SERVICE" />
32-->[androidx.work:work-runtime:2.5.0] AndroidManifest.xml:28:5-77
32-->[androidx.work:work-runtime:2.5.0] AndroidManifest.xml:28:22-74
33
34    <application
34-->src\main\AndroidManifest.xml:25:5-43:19
35        android:allowBackup="true"
35-->src\main\AndroidManifest.xml:26:9-35
36        android:appComponentFactory="androidx.core.app.CoreComponentFactory"
36-->[androidx.core:core:1.3.1] AndroidManifest.xml:24:18-86
37        android:debuggable="true"
38        android:icon="@mipmap/ic_launcher"
38-->src\main\AndroidManifest.xml:27:9-43
39        android:label="@string/app_name"
39-->src\main\AndroidManifest.xml:28:9-41
40        android:roundIcon="@mipmap/ic_launcher_round"
40-->src\main\AndroidManifest.xml:29:9-54
41        android:supportsRtl="true"
41-->src\main\AndroidManifest.xml:30:9-35
42        android:testOnly="true"
43        android:theme="@style/AppTheme" >
43-->src\main\AndroidManifest.xml:31:9-40
44        <activity android:name="com.example.background.SelectImageActivity" >
44-->src\main\AndroidManifest.xml:33:9-38:20
44-->src\main\AndroidManifest.xml:33:19-54
45            <intent-filter>
45-->src\main\AndroidManifest.xml:34:13-37:29
46                <action android:name="android.intent.action.MAIN" />
46-->src\main\AndroidManifest.xml:35:17-69
46-->src\main\AndroidManifest.xml:35:25-66
47
48                <category android:name="android.intent.category.LAUNCHER" />
48-->src\main\AndroidManifest.xml:36:17-77
48-->src\main\AndroidManifest.xml:36:27-74
49            </intent-filter>
50        </activity>
51        <activity android:name="com.example.background.BlurActivity" >
51-->src\main\AndroidManifest.xml:40:9-41:20
51-->src\main\AndroidManifest.xml:40:19-47
52        </activity>
53
54        <provider
54-->[androidx.work:work-runtime:2.5.0] AndroidManifest.xml:31:9-37:35
55            android:name="androidx.work.impl.WorkManagerInitializer"
55-->[androidx.work:work-runtime:2.5.0] AndroidManifest.xml:32:13-69
56            android:authorities="com.example.background.workmanager-init"
56-->[androidx.work:work-runtime:2.5.0] AndroidManifest.xml:33:13-68
57            android:directBootAware="false"
57-->[androidx.work:work-runtime:2.5.0] AndroidManifest.xml:34:13-44
58            android:exported="false"
58-->[androidx.work:work-runtime:2.5.0] AndroidManifest.xml:35:13-37
59            android:multiprocess="true" />
59-->[androidx.work:work-runtime:2.5.0] AndroidManifest.xml:36:13-40
60
61        <service
61-->[androidx.work:work-runtime:2.5.0] AndroidManifest.xml:39:9-44:35
62            android:name="androidx.work.impl.background.systemalarm.SystemAlarmService"
62-->[androidx.work:work-runtime:2.5.0] AndroidManifest.xml:40:13-88
63            android:directBootAware="false"
63-->[androidx.work:work-runtime:2.5.0] AndroidManifest.xml:41:13-44
64            android:enabled="@bool/enable_system_alarm_service_default"
64-->[androidx.work:work-runtime:2.5.0] AndroidManifest.xml:42:13-72
65            android:exported="false" />
65-->[androidx.work:work-runtime:2.5.0] AndroidManifest.xml:43:13-37
66        <service
66-->[androidx.work:work-runtime:2.5.0] AndroidManifest.xml:45:9-51:35
67            android:name="androidx.work.impl.background.systemjob.SystemJobService"
67-->[androidx.work:work-runtime:2.5.0] AndroidManifest.xml:46:13-84
68            android:directBootAware="false"
68-->[androidx.work:work-runtime:2.5.0] AndroidManifest.xml:47:13-44
69            android:enabled="@bool/enable_system_job_service_default"
69-->[androidx.work:work-runtime:2.5.0] AndroidManifest.xml:48:13-70
70            android:exported="true"
70-->[androidx.work:work-runtime:2.5.0] AndroidManifest.xml:49:13-36
71            android:permission="android.permission.BIND_JOB_SERVICE" />
71-->[androidx.work:work-runtime:2.5.0] AndroidManifest.xml:50:13-69
72        <service
72-->[androidx.work:work-runtime:2.5.0] AndroidManifest.xml:52:9-57:35
73            android:name="androidx.work.impl.foreground.SystemForegroundService"
73-->[androidx.work:work-runtime:2.5.0] AndroidManifest.xml:53:13-81
74            android:directBootAware="false"
74-->[androidx.work:work-runtime:2.5.0] AndroidManifest.xml:54:13-44
75            android:enabled="@bool/enable_system_foreground_service_default"
75-->[androidx.work:work-runtime:2.5.0] AndroidManifest.xml:55:13-77
76            android:exported="false" />
76-->[androidx.work:work-runtime:2.5.0] AndroidManifest.xml:56:13-37
77
78        <receiver
78-->[androidx.work:work-runtime:2.5.0] AndroidManifest.xml:59:9-64:35
79            android:name="androidx.work.impl.utils.ForceStopRunnable$BroadcastReceiver"
79-->[androidx.work:work-runtime:2.5.0] AndroidManifest.xml:60:13-88
80            android:directBootAware="false"
80-->[androidx.work:work-runtime:2.5.0] AndroidManifest.xml:61:13-44
81            android:enabled="true"
81-->[androidx.work:work-runtime:2.5.0] AndroidManifest.xml:62:13-35
82            android:exported="false" />
82-->[androidx.work:work-runtime:2.5.0] AndroidManifest.xml:63:13-37
83        <receiver
83-->[androidx.work:work-runtime:2.5.0] AndroidManifest.xml:65:9-75:20
84            android:name="androidx.work.impl.background.systemalarm.ConstraintProxy$BatteryChargingProxy"
84-->[androidx.work:work-runtime:2.5.0] AndroidManifest.xml:66:13-106
85            android:directBootAware="false"
85-->[androidx.work:work-runtime:2.5.0] AndroidManifest.xml:67:13-44
86            android:enabled="false"
86-->[androidx.work:work-runtime:2.5.0] AndroidManifest.xml:68:13-36
87            android:exported="false" >
87-->[androidx.work:work-runtime:2.5.0] AndroidManifest.xml:69:13-37
88            <intent-filter>
88-->[androidx.work:work-runtime:2.5.0] AndroidManifest.xml:71:13-74:29
89                <action android:name="android.intent.action.ACTION_POWER_CONNECTED" />
89-->[androidx.work:work-runtime:2.5.0] AndroidManifest.xml:72:17-87
89-->[androidx.work:work-runtime:2.5.0] AndroidManifest.xml:72:25-84
90                <action android:name="android.intent.action.ACTION_POWER_DISCONNECTED" />
90-->[androidx.work:work-runtime:2.5.0] AndroidManifest.xml:73:17-90
90-->[androidx.work:work-runtime:2.5.0] AndroidManifest.xml:73:25-87
91            </intent-filter>
92        </receiver>
93        <receiver
93-->[androidx.work:work-runtime:2.5.0] AndroidManifest.xml:76:9-86:20
94            android:name="androidx.work.impl.background.systemalarm.ConstraintProxy$BatteryNotLowProxy"
94-->[androidx.work:work-runtime:2.5.0] AndroidManifest.xml:77:13-104
95            android:directBootAware="false"
95-->[androidx.work:work-runtime:2.5.0] AndroidManifest.xml:78:13-44
96            android:enabled="false"
96-->[androidx.work:work-runtime:2.5.0] AndroidManifest.xml:79:13-36
97            android:exported="false" >
97-->[androidx.work:work-runtime:2.5.0] AndroidManifest.xml:80:13-37
98            <intent-filter>
98-->[androidx.work:work-runtime:2.5.0] AndroidManifest.xml:82:13-85:29
99                <action android:name="android.intent.action.BATTERY_OKAY" />
99-->[androidx.work:work-runtime:2.5.0] AndroidManifest.xml:83:17-77
99-->[androidx.work:work-runtime:2.5.0] AndroidManifest.xml:83:25-74
100                <action android:name="android.intent.action.BATTERY_LOW" />
100-->[androidx.work:work-runtime:2.5.0] AndroidManifest.xml:84:17-76
100-->[androidx.work:work-runtime:2.5.0] AndroidManifest.xml:84:25-73
101            </intent-filter>
102        </receiver>
103        <receiver
103-->[androidx.work:work-runtime:2.5.0] AndroidManifest.xml:87:9-97:20
104            android:name="androidx.work.impl.background.systemalarm.ConstraintProxy$StorageNotLowProxy"
104-->[androidx.work:work-runtime:2.5.0] AndroidManifest.xml:88:13-104
105            android:directBootAware="false"
105-->[androidx.work:work-runtime:2.5.0] AndroidManifest.xml:89:13-44
106            android:enabled="false"
106-->[androidx.work:work-runtime:2.5.0] AndroidManifest.xml:90:13-36
107            android:exported="false" >
107-->[androidx.work:work-runtime:2.5.0] AndroidManifest.xml:91:13-37
108            <intent-filter>
108-->[androidx.work:work-runtime:2.5.0] AndroidManifest.xml:93:13-96:29
109                <action android:name="android.intent.action.DEVICE_STORAGE_LOW" />
109-->[androidx.work:work-runtime:2.5.0] AndroidManifest.xml:94:17-83
109-->[androidx.work:work-runtime:2.5.0] AndroidManifest.xml:94:25-80
110                <action android:name="android.intent.action.DEVICE_STORAGE_OK" />
110-->[androidx.work:work-runtime:2.5.0] AndroidManifest.xml:95:17-82
110-->[androidx.work:work-runtime:2.5.0] AndroidManifest.xml:95:25-79
111            </intent-filter>
112        </receiver>
113        <receiver
113-->[androidx.work:work-runtime:2.5.0] AndroidManifest.xml:98:9-107:20
114            android:name="androidx.work.impl.background.systemalarm.ConstraintProxy$NetworkStateProxy"
114-->[androidx.work:work-runtime:2.5.0] AndroidManifest.xml:99:13-103
115            android:directBootAware="false"
115-->[androidx.work:work-runtime:2.5.0] AndroidManifest.xml:100:13-44
116            android:enabled="false"
116-->[androidx.work:work-runtime:2.5.0] AndroidManifest.xml:101:13-36
117            android:exported="false" >
117-->[androidx.work:work-runtime:2.5.0] AndroidManifest.xml:102:13-37
118            <intent-filter>
118-->[androidx.work:work-runtime:2.5.0] AndroidManifest.xml:104:13-106:29
119                <action android:name="android.net.conn.CONNECTIVITY_CHANGE" />
119-->[androidx.work:work-runtime:2.5.0] AndroidManifest.xml:105:17-79
119-->[androidx.work:work-runtime:2.5.0] AndroidManifest.xml:105:25-76
120            </intent-filter>
121        </receiver>
122        <receiver
122-->[androidx.work:work-runtime:2.5.0] AndroidManifest.xml:108:9-119:20
123            android:name="androidx.work.impl.background.systemalarm.RescheduleReceiver"
123-->[androidx.work:work-runtime:2.5.0] AndroidManifest.xml:109:13-88
124            android:directBootAware="false"
124-->[androidx.work:work-runtime:2.5.0] AndroidManifest.xml:110:13-44
125            android:enabled="false"
125-->[androidx.work:work-runtime:2.5.0] AndroidManifest.xml:111:13-36
126            android:exported="false" >
126-->[androidx.work:work-runtime:2.5.0] AndroidManifest.xml:112:13-37
127            <intent-filter>
127-->[androidx.work:work-runtime:2.5.0] AndroidManifest.xml:114:13-118:29
128                <action android:name="android.intent.action.BOOT_COMPLETED" />
128-->[androidx.work:work-runtime:2.5.0] AndroidManifest.xml:115:17-79
128-->[androidx.work:work-runtime:2.5.0] AndroidManifest.xml:115:25-76
129                <action android:name="android.intent.action.TIME_SET" />
129-->[androidx.work:work-runtime:2.5.0] AndroidManifest.xml:116:17-73
129-->[androidx.work:work-runtime:2.5.0] AndroidManifest.xml:116:25-70
130                <action android:name="android.intent.action.TIMEZONE_CHANGED" />
130-->[androidx.work:work-runtime:2.5.0] AndroidManifest.xml:117:17-81
130-->[androidx.work:work-runtime:2.5.0] AndroidManifest.xml:117:25-78
131            </intent-filter>
132        </receiver>
133        <receiver
133-->[androidx.work:work-runtime:2.5.0] AndroidManifest.xml:120:9-129:20
134            android:name="androidx.work.impl.background.systemalarm.ConstraintProxyUpdateReceiver"
134-->[androidx.work:work-runtime:2.5.0] AndroidManifest.xml:121:13-99
135            android:directBootAware="false"
135-->[androidx.work:work-runtime:2.5.0] AndroidManifest.xml:122:13-44
136            android:enabled="@bool/enable_system_alarm_service_default"
136-->[androidx.work:work-runtime:2.5.0] AndroidManifest.xml:123:13-72
137            android:exported="false" >
137-->[androidx.work:work-runtime:2.5.0] AndroidManifest.xml:124:13-37
138            <intent-filter>
138-->[androidx.work:work-runtime:2.5.0] AndroidManifest.xml:126:13-128:29
139                <action android:name="androidx.work.impl.background.systemalarm.UpdateProxies" />
139-->[androidx.work:work-runtime:2.5.0] AndroidManifest.xml:127:17-98
139-->[androidx.work:work-runtime:2.5.0] AndroidManifest.xml:127:25-95
140            </intent-filter>
141        </receiver>
142        <receiver
142-->[androidx.work:work-runtime:2.5.0] AndroidManifest.xml:130:9-140:20
143            android:name="androidx.work.impl.diagnostics.DiagnosticsReceiver"
143-->[androidx.work:work-runtime:2.5.0] AndroidManifest.xml:131:13-78
144            android:directBootAware="false"
144-->[androidx.work:work-runtime:2.5.0] AndroidManifest.xml:132:13-44
145            android:enabled="true"
145-->[androidx.work:work-runtime:2.5.0] AndroidManifest.xml:133:13-35
146            android:exported="true"
146-->[androidx.work:work-runtime:2.5.0] AndroidManifest.xml:134:13-36
147            android:permission="android.permission.DUMP" >
147-->[androidx.work:work-runtime:2.5.0] AndroidManifest.xml:135:13-57
148            <intent-filter>
148-->[androidx.work:work-runtime:2.5.0] AndroidManifest.xml:137:13-139:29
149                <action android:name="androidx.work.diagnostics.REQUEST_DIAGNOSTICS" />
149-->[androidx.work:work-runtime:2.5.0] AndroidManifest.xml:138:17-88
149-->[androidx.work:work-runtime:2.5.0] AndroidManifest.xml:138:25-85
150            </intent-filter>
151        </receiver>
152
153        <provider
153-->[androidx.lifecycle:lifecycle-process:2.2.0] AndroidManifest.xml:25:9-29:43
154            android:name="androidx.lifecycle.ProcessLifecycleOwnerInitializer"
154-->[androidx.lifecycle:lifecycle-process:2.2.0] AndroidManifest.xml:26:13-79
155            android:authorities="com.example.background.lifecycle-process"
155-->[androidx.lifecycle:lifecycle-process:2.2.0] AndroidManifest.xml:27:13-69
156            android:exported="false"
156-->[androidx.lifecycle:lifecycle-process:2.2.0] AndroidManifest.xml:28:13-37
157            android:multiprocess="true" />
157-->[androidx.lifecycle:lifecycle-process:2.2.0] AndroidManifest.xml:29:13-40
158
159        <service
159-->[androidx.room:room-runtime:2.2.5] AndroidManifest.xml:25:9-28:40
160            android:name="androidx.room.MultiInstanceInvalidationService"
160-->[androidx.room:room-runtime:2.2.5] AndroidManifest.xml:26:13-74
161            android:directBootAware="true"
161-->[androidx.room:room-runtime:2.2.5] AndroidManifest.xml:27:13-43
162            android:exported="false" />
162-->[androidx.room:room-runtime:2.2.5] AndroidManifest.xml:28:13-37
163    </application>
164
165</manifest>